<?xml version="1.0" encoding="UTF-8"?>
<!-- Generated by org.testng.reporters.JUnitReportReporter -->
<testsuite hostname="DESKTOP-TM4M2P9" failures="0" tests="1" name="defaults.LoginApplication" time="4.417" errors="0" timestamp="2023-11-12T00:12:42 IST" skipped="0">
  <testcase classname="defaults.LoginApplication" name="testLogin" time="4.417"/>
</testsuite> <!-- defaults.LoginApplication -->
