<?xml version="1.0" encoding="UTF-8"?>
<!-- Generated by org.testng.reporters.JUnitReportReporter -->
<testsuite hostname="DESKTOP-TM4M2P9" failures="0" tests="2" name="utils.ReadExcelData" time="24.578" errors="0" timestamp="2023-11-24T00:36:54 IST" skipped="0">
  <testcase classname="utils.ReadExcelData" name="test1" time="12.011"/>
  <testcase classname="utils.ReadExcelData" name="test1" time="12.567"/>
</testsuite> <!-- utils.ReadExcelData -->
